\BOOKMARK [1][-]{section.1}{Overview}{}% 1
\BOOKMARK [2][-]{subsection.1.1}{Background}{section.1}% 2
\BOOKMARK [2][-]{subsection.1.2}{Restatement of the Problem}{section.1}% 3
\BOOKMARK [1][-]{section.2}{Notations and Assumptions}{}% 4
\BOOKMARK [2][-]{subsection.2.1}{Assumptions and Justifications}{section.2}% 5
\BOOKMARK [2][-]{subsection.2.2}{Notations}{section.2}% 6
\BOOKMARK [1][-]{section.3}{Statement of Our Model}{}% 7
\BOOKMARK [2][-]{subsection.3.1}{Model Overview}{section.3}% 8
\BOOKMARK [2][-]{subsection.3.2}{Model Theory}{section.3}% 9
\BOOKMARK [3][-]{subsubsection.3.2.1}{Principal Component Analysis Theory}{subsection.3.2}% 10
\BOOKMARK [3][-]{subsubsection.3.2.2}{Technique for Order Preference by Similarity to Ideal Solution}{subsection.3.2}% 11
\BOOKMARK [1][-]{section.4}{Model Implementation and Results}{}% 12
\BOOKMARK [2][-]{subsection.4.1}{Energy Profile}{section.4}% 13
\BOOKMARK [2][-]{subsection.4.2}{Evolution model}{section.4}% 14
\BOOKMARK [2][-]{subsection.4.3}{"best" profile}{section.4}% 15
\BOOKMARK [3][-]{subsubsection.4.3.1}{Autoregressive Integrated Moving Average Model}{subsection.4.3}% 16
\BOOKMARK [1][-]{section.5}{Model Implementation and Results}{}% 17
\BOOKMARK [2][-]{subsection.5.1}{Estimate}{section.5}% 18
\BOOKMARK [2][-]{subsection.5.2}{Results}{section.5}% 19
\BOOKMARK [1][-]{section.6}{Our suggestions to the governor}{}% 20
\BOOKMARK [1][-]{section.7}{Model analysis}{}% 21
\BOOKMARK [2][-]{subsection.7.1}{Sensitivity Analysis}{section.7}% 22
\BOOKMARK [2][-]{subsection.7.2}{Strength and weakness}{section.7}% 23
\BOOKMARK [1][-]{section.8}{Conclusions}{}% 24
\BOOKMARK [1][-]{section*.2}{Appendices}{}% 25
\BOOKMARK [1][-]{Appendix.a.A}{Appendix First appendix}{}% 26
\BOOKMARK [1][-]{Appendix.a.B}{Appendix Second appendix}{}% 27
